<?xml version="1.0" encoding="UTF-8"?>
<testng-results ignored="0" total="2" passed="2" failed="0" skipped="0">
  <reporter-output>
  </reporter-output>
  <suite started-at="2023-02-24T22:02:20 IST" name="Default suite" finished-at="2023-02-24T22:03:07 IST" duration-ms="46367">
    <groups>
    </groups>
    <test started-at="2023-02-24T22:02:20 IST" name="Default test" finished-at="2023-02-24T22:03:07 IST" duration-ms="46367">
      <class name="TestCases.VerifyLoginPage1">
        <test-method is-config="true" signature="open()[pri:0, instance:TestCases.VerifyLoginPage1@77847718]" started-at="2023-02-24T22:02:21 IST" name="open" finished-at="2023-02-24T22:02:41 IST" duration-ms="20226" status="PASS">
          <reporter-output>
          </reporter-output>
        </test-method> <!-- open -->
        <test-method signature="login1(java.lang.String,java.lang.String)[pri:0, instance:TestCases.VerifyLoginPage1@77847718]" started-at="2023-02-24T22:02:41 IST" name="login1" data-provider="dataenter" finished-at="2023-02-24T22:02:46 IST" duration-ms="5098" status="PASS">
          <params>
            <param index="0">
              <value>
                <![CDATA[sumit]]>
              </value>
            </param>
            <param index="1">
              <value>
                <![CDATA[sumit123]]>
              </value>
            </param>
          </params>
          <reporter-output>
          </reporter-output>
        </test-method> <!-- login1 -->
        <test-method is-config="true" signature="close()[pri:0, instance:TestCases.VerifyLoginPage1@77847718]" started-at="2023-02-24T22:02:46 IST" name="close" finished-at="2023-02-24T22:02:47 IST" duration-ms="1234" status="PASS">
          <reporter-output>
          </reporter-output>
        </test-method> <!-- close -->
        <test-method is-config="true" signature="open()[pri:0, instance:TestCases.VerifyLoginPage1@77847718]" started-at="2023-02-24T22:02:47 IST" name="open" finished-at="2023-02-24T22:03:03 IST" duration-ms="15429" status="PASS">
          <reporter-output>
          </reporter-output>
        </test-method> <!-- open -->
        <test-method signature="login1(java.lang.String,java.lang.String)[pri:0, instance:TestCases.VerifyLoginPage1@77847718]" started-at="2023-02-24T22:03:03 IST" name="login1" data-provider="dataenter" finished-at="2023-02-24T22:03:06 IST" duration-ms="3094" status="PASS">
          <params>
            <param index="0">
              <value>
                <![CDATA[ravi]]>
              </value>
            </param>
            <param index="1">
              <value>
                <![CDATA[ravi123]]>
              </value>
            </param>
          </params>
          <reporter-output>
          </reporter-output>
        </test-method> <!-- login1 -->
        <test-method is-config="true" signature="close()[pri:0, instance:TestCases.VerifyLoginPage1@77847718]" started-at="2023-02-24T22:03:06 IST" name="close" finished-at="2023-02-24T22:03:07 IST" duration-ms="1200" status="PASS">
          <reporter-output>
          </reporter-output>
        </test-method> <!-- close -->
      </class> <!-- TestCases.VerifyLoginPage1 -->
    </test> <!-- Default test -->
  </suite> <!-- Default suite -->
</testng-results>
